<?xml version="1.0" encoding="UTF-8"?>
<!-- Generated by org.testng.reporters.JUnitReportReporter -->
<testsuite hostname="MEDO-PC" name="com.FCI.SWE.Models.publicPostTest" tests="1" failures="0" timestamp="9 May 2015 10:23:10 GMT" time="0.434" errors="0">
  <testcase name="writePostTest" time="0.434" classname="com.FCI.SWE.Models.publicPostTest"/>
</testsuite> <!-- com.FCI.SWE.Models.publicPostTest -->
