<?xml version="1.0" encoding="UTF-8"?>
<!-- Generated by org.testng.reporters.JUnitReportReporter -->
<testsuite hostname="MEDO-PC" name="com.FCI.SWE.Services.ServiceTest" tests="1" failures="0" timestamp="10 May 2015 12:46:33 GMT" time="0.486" errors="1">
  <testcase name="getPostsTest" time="0.486" classname="com.FCI.SWE.Services.ServiceTest">
    <error type="java.lang.AssertionError" message="expected [] but found [amir : feeling good&lt;/br&gt;sddddddddddddd&lt;/br&gt;0 &lt;form action=&quot;/rest/like&quot; method=&quot;post&quot;&gt;&lt;input type=&quot;submit&quot; value=&quot;Like&quot;&gt;&lt;input type=&quot;hidden&quot; name=&quot;text&quot; value=1&gt;&lt;/form&gt; &lt;form action=&quot;/rest/share&quot; method=&quot;post&quot;&gt;&lt;input type=&quot;submit&quot; value=&quot;Share&quot;&gt;&lt;input type=&quot;hidden&quot; name=&quot;text&quot; value=1&gt;&lt;/form&gt;amir : feeling jjj&lt;/br&gt;asdasd#zamalek adsd&lt;/br&gt;0 &lt;form action=&quot;/rest/like&quot; method=&quot;post&quot;&gt;&lt;input type=&quot;submit&quot; value=&quot;Like&quot;&gt;&lt;input type=&quot;hidden&quot; name=&quot;text&quot; value=3&gt;&lt;/form&gt; &lt;form action=&quot;/rest/share&quot; method=&quot;post&quot;&gt;&lt;input type=&quot;submit&quot; value=&quot;Share&quot;&gt;&lt;input type=&quot;hidden&quot; name=&quot;text&quot; value=3&gt;&lt;/form&gt;m : feeling ww&lt;/br&gt;sdfsdf#amir asdasd&lt;/br&gt;0 &lt;form action=&quot;/rest/like&quot; method=&quot;post&quot;&gt;&lt;input type=&quot;submit&quot; value=&quot;Like&quot;&gt;&lt;input type=&quot;hidden&quot; name=&quot;text&quot; value=4&gt;&lt;/form&gt; &lt;form action=&quot;/rest/share&quot; method=&quot;post&quot;&gt;&lt;input type=&quot;submit&quot; value=&quot;Share&quot;&gt;&lt;input type=&quot;hidden&quot; name=&quot;text&quot; value=4&gt;&lt;/form&gt;m : feeling a&lt;/br&gt;#mohammed asdasd&lt;/br&gt;0 &lt;form action=&quot;/rest/like&quot; method=&quot;post&quot;&gt;&lt;input type=&quot;submit&quot; value=&quot;Like&quot;&gt;&lt;input type=&quot;hidden&quot; name=&quot;text&quot; value=5&gt;&lt;/form&gt; &lt;form action=&quot;/rest/share&quot; method=&quot;post&quot;&gt;&lt;input type=&quot;submit&quot; value=&quot;Share&quot;&gt;&lt;input type=&quot;hidden&quot; name=&quot;text&quot; value=5&gt;&lt;/form&gt;m : feeling ddd&lt;/br&gt;mohamed #mo7sen abo gresha&lt;/br&gt;0 &lt;form action=&quot;/rest/like&quot; method=&quot;post&quot;&gt;&lt;input type=&quot;submit&quot; value=&quot;Like&quot;&gt;&lt;input type=&quot;hidden&quot; name=&quot;text&quot; value=6&gt;&lt;/form&gt; &lt;form action=&quot;/rest/share&quot; method=&quot;post&quot;&gt;&lt;input type=&quot;submit&quot; value=&quot;Share&quot;&gt;&lt;input type=&quot;hidden&quot; name=&quot;text&quot; value=6&gt;&lt;/form&gt;m : feeling dd&lt;/br&gt;#mohamed #3adel&lt;/br&gt;0 &lt;form action=&quot;/rest/like&quot; method=&quot;post&quot;&gt;&lt;input type=&quot;submit&quot; value=&quot;Like&quot;&gt;&lt;input type=&quot;hidden&quot; name=&quot;text&quot; value=7&gt;&lt;/form&gt; &lt;form action=&quot;/rest/share&quot; method=&quot;post&quot;&gt;&lt;input type=&quot;submit&quot; value=&quot;Share&quot;&gt;&lt;input type=&quot;hidden&quot; name=&quot;text&quot; value=7&gt;&lt;/form&gt;m : Shared amir&#039;s post :   feeling good&lt;/br&gt;sddddddddddddd&lt;/br&gt;0 &lt;form action=&quot;/rest/like&quot; method=&quot;post&quot;&gt;&lt;input type=&quot;submit&quot; value=&quot;Like&quot;&gt;&lt;input type=&quot;hidden&quot; name=&quot;text&quot; value=8&gt;&lt;/form&gt; &lt;form action=&quot;/rest/share&quot; method=&quot;post&quot;&gt;&lt;input type=&quot;submit&quot; value=&quot;Share&quot;&gt;&lt;input type=&quot;hidden&quot; name=&quot;text&quot; value=8&gt;&lt;/form&gt;]">
      <![CDATA[java.lang.AssertionError: expected [] but found [amir : feeling good</br>sddddddddddddd</br>0 <form action="/rest/like" method="post"><input type="submit" value="Like"><input type="hidden" name="text" value=1></form> <form action="/rest/share" method="post"><input type="submit" value="Share"><input type="hidden" name="text" value=1></form>amir : feeling jjj</br>asdasd#zamalek adsd</br>0 <form action="/rest/like" method="post"><input type="submit" value="Like"><input type="hidden" name="text" value=3></form> <form action="/rest/share" method="post"><input type="submit" value="Share"><input type="hidden" name="text" value=3></form>m : feeling ww</br>sdfsdf#amir asdasd</br>0 <form action="/rest/like" method="post"><input type="submit" value="Like"><input type="hidden" name="text" value=4></form> <form action="/rest/share" method="post"><input type="submit" value="Share"><input type="hidden" name="text" value=4></form>m : feeling a</br>#mohammed asdasd</br>0 <form action="/rest/like" method="post"><input type="submit" value="Like"><input type="hidden" name="text" value=5></form> <form action="/rest/share" method="post"><input type="submit" value="Share"><input type="hidden" name="text" value=5></form>m : feeling ddd</br>mohamed #mo7sen abo gresha</br>0 <form action="/rest/like" method="post"><input type="submit" value="Like"><input type="hidden" name="text" value=6></form> <form action="/rest/share" method="post"><input type="submit" value="Share"><input type="hidden" name="text" value=6></form>m : feeling dd</br>#mohamed #3adel</br>0 <form action="/rest/like" method="post"><input type="submit" value="Like"><input type="hidden" name="text" value=7></form> <form action="/rest/share" method="post"><input type="submit" value="Share"><input type="hidden" name="text" value=7></form>m : Shared amir's post :   feeling good</br>sddddddddddddd</br>0 <form action="/rest/like" method="post"><input type="submit" value="Like"><input type="hidden" name="text" value=8></form> <form action="/rest/share" method="post"><input type="submit" value="Share"><input type="hidden" name="text" value=8></form>]
	at org.testng.Assert.fail(Assert.java:94)
	at org.testng.Assert.failNotEquals(Assert.java:494)
	at org.testng.Assert.assertEquals(Assert.java:123)
	at org.testng.Assert.assertEquals(Assert.java:176)
	at org.testng.Assert.assertEquals(Assert.java:186)
	at com.FCI.SWE.Services.ServiceTest.getPostsTest(ServiceTest.java:97)
	at sun.reflect.NativeMethodAccessorImpl.invoke0(Native Method)
	at sun.reflect.NativeMethodAccessorImpl.invoke(NativeMethodAccessorImpl.java:57)
	at sun.reflect.DelegatingMethodAccessorImpl.invoke(DelegatingMethodAccessorImpl.java:43)
	at java.lang.reflect.Method.invoke(Method.java:606)
	at org.testng.internal.MethodInvocationHelper.invokeMethod(MethodInvocationHelper.java:84)
	at org.testng.internal.Invoker.invokeMethod(Invoker.java:714)
	at org.testng.internal.Invoker.invokeTestMethod(Invoker.java:901)
	at org.testng.internal.Invoker.invokeTestMethods(Invoker.java:1231)
	at org.testng.internal.TestMethodWorker.invokeTestMethods(TestMethodWorker.java:127)
	at org.testng.internal.TestMethodWorker.run(TestMethodWorker.java:111)
	at org.testng.TestRunner.privateRun(TestRunner.java:767)
	at org.testng.TestRunner.run(TestRunner.java:617)
	at org.testng.SuiteRunner.runTest(SuiteRunner.java:334)
	at org.testng.SuiteRunner.runSequentially(SuiteRunner.java:329)
	at org.testng.SuiteRunner.privateRun(SuiteRunner.java:291)
	at org.testng.SuiteRunner.run(SuiteRunner.java:240)
	at org.testng.SuiteRunnerWorker.runSuite(SuiteRunnerWorker.java:52)
	at org.testng.SuiteRunnerWorker.run(SuiteRunnerWorker.java:86)
	at org.testng.TestNG.runSuitesSequentially(TestNG.java:1224)
	at org.testng.TestNG.runSuitesLocally(TestNG.java:1149)
	at org.testng.TestNG.run(TestNG.java:1057)
	at org.testng.remote.RemoteTestNG.run(RemoteTestNG.java:111)
	at org.testng.remote.RemoteTestNG.initAndRun(RemoteTestNG.java:204)
	at org.testng.remote.RemoteTestNG.main(RemoteTestNG.java:175)
]]>
    </error>
  </testcase> <!-- getPostsTest -->
</testsuite> <!-- com.FCI.SWE.Services.ServiceTest -->
