<?xml version="1.0" encoding="UTF-8"?>
<!-- Generated by org.testng.reporters.JUnitReportReporter -->
<testsuite hostname="MEDO-PC" name="com.FCI.SWE.Models.PrivacyPostTest" tests="1" failures="0" timestamp="9 May 2015 10:18:18 GMT" time="0.423" errors="0">
  <testcase name="writePostTest" time="0.423" classname="com.FCI.SWE.Models.PrivacyPostTest"/>
</testsuite> <!-- com.FCI.SWE.Models.PrivacyPostTest -->
