<?xml version="1.0" encoding="UTF-8"?>
<!-- Generated by org.testng.reporters.JUnitReportReporter -->
<testsuite hostname="MEDO-PC" name="com.FCI.SWE.Models.PageTest" tests="3" failures="2" timestamp="9 May 2015 09:56:37 GMT" time="0.356" errors="0">
  <testcase name="searchPagetest" time="0.355" classname="com.FCI.SWE.Models.PageTest"/>
  <testcase name="searchPagetest" time="0.000" classname="com.FCI.SWE.Models.PageTest">
    <failure type="java.lang.NullPointerException" message="No API environment is registered for this thread.">
      <![CDATA[java.lang.NullPointerException: No API environment is registered for this thread.
	at com.google.appengine.api.datastore.DatastoreApiHelper.getCurrentAppId(DatastoreApiHelper.java:117)
	at com.google.appengine.api.datastore.DatastoreApiHelper.getCurrentAppIdNamespace(DatastoreApiHelper.java:133)
	at com.google.appengine.api.datastore.Query.<init>(Query.java:215)
	at com.google.appengine.api.datastore.Query.<init>(Query.java:144)
	at com.FCI.SWE.Models.Page.searchPage(Page.java:16)
	at com.FCI.SWE.Models.PageTest.searchPagetest(PageTest.java:35)
	at sun.reflect.NativeMethodAccessorImpl.invoke0(Native Method)
	at sun.reflect.NativeMethodAccessorImpl.invoke(NativeMethodAccessorImpl.java:57)
	at sun.reflect.DelegatingMethodAccessorImpl.invoke(DelegatingMethodAccessorImpl.java:43)
	at java.lang.reflect.Method.invoke(Method.java:606)
	at org.testng.internal.MethodInvocationHelper.invokeMethod(MethodInvocationHelper.java:84)
	at org.testng.internal.Invoker.invokeMethod(Invoker.java:714)
	at org.testng.internal.Invoker.invokeTestMethod(Invoker.java:901)
	at org.testng.internal.Invoker.invokeTestMethods(Invoker.java:1231)
	at org.testng.internal.TestMethodWorker.invokeTestMethods(TestMethodWorker.java:127)
	at org.testng.internal.TestMethodWorker.run(TestMethodWorker.java:111)
	at org.testng.TestRunner.privateRun(TestRunner.java:767)
	at org.testng.TestRunner.run(TestRunner.java:617)
	at org.testng.SuiteRunner.runTest(SuiteRunner.java:334)
	at org.testng.SuiteRunner.runSequentially(SuiteRunner.java:329)
	at org.testng.SuiteRunner.privateRun(SuiteRunner.java:291)
	at org.testng.SuiteRunner.run(SuiteRunner.java:240)
	at org.testng.SuiteRunnerWorker.runSuite(SuiteRunnerWorker.java:52)
	at org.testng.SuiteRunnerWorker.run(SuiteRunnerWorker.java:86)
	at org.testng.TestNG.runSuitesSequentially(TestNG.java:1224)
	at org.testng.TestNG.runSuitesLocally(TestNG.java:1149)
	at org.testng.TestNG.run(TestNG.java:1057)
	at org.testng.remote.RemoteTestNG.run(RemoteTestNG.java:111)
	at org.testng.remote.RemoteTestNG.initAndRun(RemoteTestNG.java:204)
	at org.testng.remote.RemoteTestNG.main(RemoteTestNG.java:175)
]]>
    </failure>
  </testcase> <!-- searchPagetest -->
  <testcase name="searchPagetest" time="0.001" classname="com.FCI.SWE.Models.PageTest">
    <failure type="java.lang.NullPointerException">
      <![CDATA[java.lang.NullPointerException
	at com.google.appengine.tools.development.testing.LocalServiceTestHelper.getLocalService(LocalServiceTestHelper.java:589)
	at com.google.appengine.tools.development.testing.LocalDatastoreServiceTestConfig.getLocalDatastoreService(LocalDatastoreServiceTestConfig.java:294)
	at com.google.appengine.tools.development.testing.LocalDatastoreServiceTestConfig.tearDown(LocalDatastoreServiceTestConfig.java:288)
	at com.google.appengine.tools.development.testing.LocalServiceTestHelper.tearDownService(LocalServiceTestHelper.java:548)
	at com.google.appengine.tools.development.testing.LocalServiceTestHelper.tearDown(LocalServiceTestHelper.java:520)
	at com.FCI.SWE.Models.PageTest.tearDown(PageTest.java:22)
	at sun.reflect.NativeMethodAccessorImpl.invoke0(Native Method)
	at sun.reflect.NativeMethodAccessorImpl.invoke(NativeMethodAccessorImpl.java:57)
	at sun.reflect.DelegatingMethodAccessorImpl.invoke(DelegatingMethodAccessorImpl.java:43)
	at java.lang.reflect.Method.invoke(Method.java:606)
	at org.testng.internal.MethodInvocationHelper.invokeMethod(MethodInvocationHelper.java:84)
	at org.testng.internal.Invoker.invokeConfigurationMethod(Invoker.java:564)
	at org.testng.internal.Invoker.invokeConfigurations(Invoker.java:213)
	at org.testng.internal.Invoker.invokeMethod(Invoker.java:786)
	at org.testng.internal.Invoker.invokeTestMethod(Invoker.java:901)
	at org.testng.internal.Invoker.invokeTestMethods(Invoker.java:1231)
	at org.testng.internal.TestMethodWorker.invokeTestMethods(TestMethodWorker.java:127)
	at org.testng.internal.TestMethodWorker.run(TestMethodWorker.java:111)
	at org.testng.TestRunner.privateRun(TestRunner.java:767)
	at org.testng.TestRunner.run(TestRunner.java:617)
	at org.testng.SuiteRunner.runTest(SuiteRunner.java:334)
	at org.testng.SuiteRunner.runSequentially(SuiteRunner.java:329)
	at org.testng.SuiteRunner.privateRun(SuiteRunner.java:291)
	at org.testng.SuiteRunner.run(SuiteRunner.java:240)
	at org.testng.SuiteRunnerWorker.runSuite(SuiteRunnerWorker.java:52)
	at org.testng.SuiteRunnerWorker.run(SuiteRunnerWorker.java:86)
	at org.testng.TestNG.runSuitesSequentially(TestNG.java:1224)
	at org.testng.TestNG.runSuitesLocally(TestNG.java:1149)
	at org.testng.TestNG.run(TestNG.java:1057)
	at org.testng.remote.RemoteTestNG.run(RemoteTestNG.java:111)
	at org.testng.remote.RemoteTestNG.initAndRun(RemoteTestNG.java:204)
	at org.testng.remote.RemoteTestNG.main(RemoteTestNG.java:175)
]]>
    </failure>
  </testcase> <!-- searchPagetest -->
</testsuite> <!-- com.FCI.SWE.Models.PageTest -->
