<?xml version="1.0" encoding="UTF-8"?>
<!-- Generated by org.testng.reporters.JUnitReportReporter -->
<testsuite hostname="MEDO-PC" name="com.FCI.SWE.Models.ActiveUserTest" tests="4" failures="0" timestamp="9 May 2015 13:40:57 GMT" time="0.013" errors="0">
  <testcase name="signOut" time="0.002" classname="com.FCI.SWE.Models.ActiveUserTest"/>
  <testcase name="getNameTest" time="0.000" classname="com.FCI.SWE.Models.ActiveUserTest"/>
  <testcase name="getEmailTest" time="0.010" classname="com.FCI.SWE.Models.ActiveUserTest"/>
  <testcase name="getPass" time="0.001" classname="com.FCI.SWE.Models.ActiveUserTest"/>
</testsuite> <!-- com.FCI.SWE.Models.ActiveUserTest -->
